<?xml version="1.0" encoding="UTF-8"?>
<coverage generated="1638823846904" clover="3.2.0">
  <project timestamp="1638823846904" name="All files">
    <metrics statements="30" coveredstatements="30" conditionals="4" coveredconditionals="4" methods="10" coveredmethods="10" elements="44" coveredelements="44" complexity="0" loc="30" ncloc="30" packages="1" files="2" classes="2"/>
    <file name="class.js" path="D:\Наталья\DEV_EDUCATION\галерея\src\scripts\class.js">
      <metrics statements="29" coveredstatements="29" conditionals="4" coveredconditionals="4" methods="10" coveredmethods="10"/>
      <line num="2" count="11" type="stmt"/>
      <line num="12" count="11" type="stmt"/>
      <line num="18" count="1" type="stmt"/>
      <line num="19" count="1" type="stmt"/>
      <line num="20" count="1" type="stmt"/>
      <line num="21" count="1" type="stmt"/>
      <line num="25" count="1" type="stmt"/>
      <line num="29" count="2" type="cond" truecount="2" falsecount="0"/>
      <line num="30" count="1" type="stmt"/>
      <line num="31" count="1" type="stmt"/>
      <line num="33" count="1" type="stmt"/>
      <line num="34" count="1" type="stmt"/>
      <line num="39" count="2" type="cond" truecount="2" falsecount="0"/>
      <line num="40" count="1" type="stmt"/>
      <line num="41" count="1" type="stmt"/>
      <line num="43" count="1" type="stmt"/>
      <line num="44" count="1" type="stmt"/>
      <line num="49" count="4" type="stmt"/>
      <line num="50" count="4" type="stmt"/>
      <line num="54" count="1" type="stmt"/>
      <line num="55" count="1" type="stmt"/>
      <line num="56" count="1" type="stmt"/>
      <line num="60" count="1" type="stmt"/>
      <line num="61" count="1" type="stmt"/>
      <line num="65" count="1" type="stmt"/>
      <line num="66" count="1" type="stmt"/>
      <line num="70" count="1" type="stmt"/>
      <line num="71" count="1" type="stmt"/>
      <line num="72" count="1" type="stmt"/>
    </file>
    <file name="constants.js" path="D:\Наталья\DEV_EDUCATION\галерея\src\scripts\constants.js">
      <metrics statements="1" coveredstatements="1" conditionals="0" coveredconditionals="0" methods="0" coveredmethods="0"/>
      <line num="1" count="1" type="stmt"/>
    </file>
  </project>
</coverage>
