{"D:\\Наталья\\DEV_EDUCATION\\галерея\\src\\scripts\\class.js": {"path":"D:\\Наталья\\DEV_EDUCATION\\галерея\\src\\scripts\\class.js","statementMap":{"0":{"start":{"line":2,"column":13},"end":{"line":9,"column":3}},"1":{"start":{"line":12,"column":6},"end":{"line":14,"column":23}},"2":{"start":{"line":18,"column":16},"end":{"line":18,"column":37}},"3":{"start":{"line":19,"column":17},"end":{"line":19,"column":33}},"4":{"start":{"line":20,"column":4},"end":{"line":20,"column":31}},"5":{"start":{"line":21,"column":4},"end":{"line":21,"column":27}},"6":{"start":{"line":25,"column":4},"end":{"line":25,"column":37}},"7":{"start":{"line":29,"column":4},"end":{"line":35,"column":5}},"8":{"start":{"line":30,"column":6},"end":{"line":30,"column":42}},"9":{"start":{"line":31,"column":6},"end":{"line":31,"column":56}},"10":{"start":{"line":33,"column":6},"end":{"line":33,"column":19}},"11":{"start":{"line":34,"column":6},"end":{"line":34,"column":56}},"12":{"start":{"line":39,"column":4},"end":{"line":45,"column":5}},"13":{"start":{"line":40,"column":6},"end":{"line":40,"column":21}},"14":{"start":{"line":41,"column":6},"end":{"line":41,"column":56}},"15":{"start":{"line":43,"column":6},"end":{"line":43,"column":19}},"16":{"start":{"line":44,"column":6},"end":{"line":44,"column":56}},"17":{"start":{"line":49,"column":4},"end":{"line":49,"column":21}},"18":{"start":{"line":50,"column":4},"end":{"line":50,"column":63}},"19":{"start":{"line":54,"column":4},"end":{"line":54,"column":31}},"20":{"start":{"line":55,"column":4},"end":{"line":55,"column":40}},"21":{"start":{"line":56,"column":4},"end":{"line":56,"column":40}},"22":{"start":{"line":60,"column":4},"end":{"line":60,"column":28}},"23":{"start":{"line":61,"column":4},"end":{"line":61,"column":21}},"24":{"start":{"line":65,"column":4},"end":{"line":65,"column":28}},"25":{"start":{"line":66,"column":4},"end":{"line":66,"column":21}},"26":{"start":{"line":70,"column":4},"end":{"line":70,"column":39}},"27":{"start":{"line":71,"column":4},"end":{"line":71,"column":41}},"28":{"start":{"line":72,"column":4},"end":{"line":72,"column":63}}},"fnMap":{"0":{"name":"(anonymous_0)","decl":{"start":{"line":11,"column":2},"end":{"line":11,"column":3}},"loc":{"start":{"line":11,"column":16},"end":{"line":15,"column":3}},"line":11},"1":{"name":"(anonymous_1)","decl":{"start":{"line":17,"column":2},"end":{"line":17,"column":3}},"loc":{"start":{"line":17,"column":26},"end":{"line":22,"column":3}},"line":17},"2":{"name":"(anonymous_2)","decl":{"start":{"line":24,"column":2},"end":{"line":24,"column":3}},"loc":{"start":{"line":24,"column":12},"end":{"line":26,"column":3}},"line":24},"3":{"name":"(anonymous_3)","decl":{"start":{"line":28,"column":2},"end":{"line":28,"column":3}},"loc":{"start":{"line":28,"column":14},"end":{"line":36,"column":3}},"line":28},"4":{"name":"(anonymous_4)","decl":{"start":{"line":38,"column":2},"end":{"line":38,"column":3}},"loc":{"start":{"line":38,"column":14},"end":{"line":46,"column":3}},"line":38},"5":{"name":"(anonymous_5)","decl":{"start":{"line":48,"column":2},"end":{"line":48,"column":3}},"loc":{"start":{"line":48,"column":14},"end":{"line":51,"column":3}},"line":48},"6":{"name":"(anonymous_6)","decl":{"start":{"line":53,"column":2},"end":{"line":53,"column":3}},"loc":{"start":{"line":53,"column":21},"end":{"line":57,"column":3}},"line":53},"7":{"name":"(anonymous_7)","decl":{"start":{"line":59,"column":2},"end":{"line":59,"column":3}},"loc":{"start":{"line":59,"column":17},"end":{"line":62,"column":3}},"line":59},"8":{"name":"(anonymous_8)","decl":{"start":{"line":64,"column":2},"end":{"line":64,"column":3}},"loc":{"start":{"line":64,"column":17},"end":{"line":67,"column":3}},"line":64},"9":{"name":"(anonymous_9)","decl":{"start":{"line":69,"column":2},"end":{"line":69,"column":3}},"loc":{"start":{"line":69,"column":14},"end":{"line":73,"column":3}},"line":69}},"branchMap":{"0":{"loc":{"start":{"line":29,"column":4},"end":{"line":35,"column":5}},"type":"if","locations":[{"start":{"line":29,"column":4},"end":{"line":35,"column":5}},{"start":{"line":32,"column":11},"end":{"line":35,"column":5}}],"line":29},"1":{"loc":{"start":{"line":39,"column":4},"end":{"line":45,"column":5}},"type":"if","locations":[{"start":{"line":39,"column":4},"end":{"line":45,"column":5}},{"start":{"line":42,"column":11},"end":{"line":45,"column":5}}],"line":39}},"s":{"0":11,"1":11,"2":1,"3":1,"4":1,"5":1,"6":1,"7":2,"8":1,"9":1,"10":1,"11":1,"12":2,"13":1,"14":1,"15":1,"16":1,"17":4,"18":4,"19":1,"20":1,"21":1,"22":1,"23":1,"24":1,"25":1,"26":1,"27":1,"28":1},"f":{"0":11,"1":1,"2":1,"3":2,"4":2,"5":4,"6":1,"7":1,"8":1,"9":1},"b":{"0":[1,1],"1":[1,1]},"_coverageSchema":"1a1c01bbd47fc00a2c39e90264f33305004495a9","hash":"c7c8bf2642b53cac67edcb8343d15923e008a119"}
,"D:\\Наталья\\DEV_EDUCATION\\галерея\\src\\scripts\\constants.js": {"path":"D:\\Наталья\\DEV_EDUCATION\\галерея\\src\\scripts\\constants.js","statementMap":{"0":{"start":{"line":1,"column":24},"end":{"line":8,"column":1}}},"fnMap":{},"branchMap":{},"s":{"0":1},"f":{},"b":{},"_coverageSchema":"1a1c01bbd47fc00a2c39e90264f33305004495a9","hash":"16524ba2a672ceee3c7632754e610a4143a04dd9"}
}
