TN:
SF:src\scripts\class.js
FN:11,(anonymous_0)
FN:17,(anonymous_1)
FN:24,(anonymous_2)
FN:28,(anonymous_3)
FN:38,(anonymous_4)
FN:48,(anonymous_5)
FN:53,(anonymous_6)
FN:59,(anonymous_7)
FN:64,(anonymous_8)
FN:69,(anonymous_9)
FNF:10
FNH:10
FNDA:11,(anonymous_0)
FNDA:1,(anonymous_1)
FNDA:1,(anonymous_2)
FNDA:2,(anonymous_3)
FNDA:2,(anonymous_4)
FNDA:4,(anonymous_5)
FNDA:1,(anonymous_6)
FNDA:1,(anonymous_7)
FNDA:1,(anonymous_8)
FNDA:1,(anonymous_9)
DA:2,11
DA:12,11
DA:18,1
DA:19,1
DA:20,1
DA:21,1
DA:25,1
DA:29,2
DA:30,1
DA:31,1
DA:33,1
DA:34,1
DA:39,2
DA:40,1
DA:41,1
DA:43,1
DA:44,1
DA:49,4
DA:50,4
DA:54,1
DA:55,1
DA:56,1
DA:60,1
DA:61,1
DA:65,1
DA:66,1
DA:70,1
DA:71,1
DA:72,1
LF:29
LH:29
BRDA:29,0,0,1
BRDA:29,0,1,1
BRDA:39,1,0,1
BRDA:39,1,1,1
BRF:4
BRH:4
end_of_record
TN:
SF:src\scripts\constants.js
FNF:0
FNH:0
DA:1,1
LF:1
LH:1
BRF:0
BRH:0
end_of_record
